[debug] [2022-04-04T01:57:22.417Z] ----------------------------------------------------------------------
[debug] [2022-04-04T01:57:22.427Z] Command:       C:\Program Files\nodejs\node.exe C:\Users\user\AppData\Roaming\npm\node_modules\firebase-tools\lib\bin\firebase.js init hosting
[debug] [2022-04-04T01:57:22.429Z] CLI Version:   10.4.2
[debug] [2022-04-04T01:57:22.429Z] Platform:      win32
[debug] [2022-04-04T01:57:22.429Z] Node Version:  v16.14.0
[debug] [2022-04-04T01:57:22.432Z] Time:          Mon Apr 04 2022 09:57:22 GMT+0800 (Singapore Standard Time)
[debug] [2022-04-04T01:57:22.433Z] ----------------------------------------------------------------------
[debug] 
[debug] [2022-04-04T01:57:23.061Z] > command requires scopes: ["email","openid","https://www.googleapis.com/auth/cloudplatformprojects.readonly","https://www.googleapis.com/auth/firebase","https://www.googleapis.com/auth/cloud-platform"]
[debug] [2022-04-04T01:57:23.075Z] > authorizing via signed-in user (vkhoo.cy@gmail.com)
[info] 
     ######## #### ########  ######## ########     ###     ######  ########
     ##        ##  ##     ## ##       ##     ##  ##   ##  ##       ##
     ######    ##  ########  ######   ########  #########  ######  ######
     ##        ##  ##    ##  ##       ##     ## ##     ##       ## ##
     ##       #### ##     ## ######## ########  ##     ##  ######  ########

You're about to initialize a Firebase project in this directory:

  C:\Users\user\Desktop\Rentzilla

Before we get started, keep in mind:

  * You are initializing within an existing Firebase project directory

[info] 
=== Project Setup
[info] 
[info] First, let's associate this project directory with a Firebase project.
[info] You can create multiple project aliases by running firebase use --add, 
[info] but for now we'll just set up a default project.
[info] 
[debug] [2022-04-04T01:57:36.520Z] Using project from CLI flag: rentzilla-app
[debug] [2022-04-04T01:57:36.523Z] > refreshing access token with scopes: []
[debug] [2022-04-04T01:57:36.524Z] >>> HTTP REQUEST POST https://www.googleapis.com/oauth2/v3/token  
 <request body omitted>
[debug] [2022-04-04T01:57:36.655Z] <<< HTTP RESPONSE 200 {"expires":"Mon, 01 Jan 1990 00:00:00 GMT","date":"Mon, 04 Apr 2022 01:57:36 GMT","cache-control":"no-cache, no-store, max-age=0, must-revalidate","pragma":"no-cache","content-type":"application/json; charset=utf-8","vary":"X-Origin, Referer, Origin,Accept-Encoding","server":"scaffolding on HTTPServer2","x-xss-protection":"0","x-frame-options":"SAMEORIGIN","x-content-type-options":"nosniff","alt-svc":"h3=\":443\"; ma=2592000,h3-29=\":443\"; ma=2592000,h3-Q050=\":443\"; ma=2592000,h3-Q046=\":443\"; ma=2592000,h3-Q043=\":443\"; ma=2592000,quic=\":443\"; ma=2592000; v=\"46,43\"","accept-ranges":"none","transfer-encoding":"chunked"}
[debug] [2022-04-04T01:57:36.674Z] >>> [apiv2][query] GET https://firebase.googleapis.com/v1beta1/projects/rentzilla-app [none]
[debug] [2022-04-04T01:57:36.969Z] <<< [apiv2][status] GET https://firebase.googleapis.com/v1beta1/projects/rentzilla-app 200
[debug] [2022-04-04T01:57:36.970Z] <<< [apiv2][body] GET https://firebase.googleapis.com/v1beta1/projects/rentzilla-app {"projectId":"rentzilla-app","projectNumber":"1099320051874","displayName":"Rentzilla","name":"projects/rentzilla-app","resources":{"hostingSite":"rentzilla-app","storageBucket":"rentzilla-app.appspot.com","locationId":"asia-south1"},"state":"ACTIVE"}
[info] i  Using project rentzilla-app (Rentzilla) 
[info] 
=== Hosting Setup
[info] 
[info] Your public directory is the folder (relative to your project directory) that
[info] will contain Hosting assets to be uploaded with firebase deploy. If you
[info] have a build process for your assets, use your build's output directory.
[info] 
[debug] [2022-04-04T01:57:46.643Z] >>> [apiv2][query] GET https://www.gstatic.com/firebasejs/releases.json [none]
[debug] [2022-04-04T01:57:46.719Z] <<< [apiv2][status] GET https://www.gstatic.com/firebasejs/releases.json 200
[debug] [2022-04-04T01:57:46.719Z] <<< [apiv2][body] GET https://www.gstatic.com/firebasejs/releases.json {"current":{"version":"9.6.10","browserURL":"https://www.gstatic.com/firebasejs/9.6.10/firebase.js","packageURL":"https://www.gstatic.com/firebasejs/9.6.10/firebase.tgz"},"live":{"version":"9.6","browserURL":"https://www.gstatic.com/firebasejs/live/9.6/firebase.js","packageURL":"https://www.gstatic.com/firebasejs/live/9.6/firebase.tgz"},"components":{"analytics":"https://www.gstatic.com/firebasejs/9.6.10/firebase-analytics.js","app":"https://www.gstatic.com/firebasejs/9.6.10/firebase-app.js","app-check":"https://www.gstatic.com/firebasejs/9.6.10/firebase-app-check.js","auth":"https://www.gstatic.com/firebasejs/9.6.10/firebase-auth.js","auth/cordova":"https://www.gstatic.com/firebasejs/9.6.10/firebase-auth/cordova.js","auth/react-native":"https://www.gstatic.com/firebasejs/9.6.10/firebase-auth/react-native.js","functions":"https://www.gstatic.com/firebasejs/9.6.10/firebase-functions.js","firestore":"https://www.gstatic.com/firebasejs/9.6.10/firebase-firestore.js","firestore/lite":"https://www.gstatic.com/firebasejs/9.6.10/firebase-firestore/lite.js","storage":"https://www.gstatic.com/firebasejs/9.6.10/firebase-storage.js","performance":"https://www.gstatic.com/firebasejs/9.6.10/firebase-performance.js","remote-config":"https://www.gstatic.com/firebasejs/9.6.10/firebase-remote-config.js","messaging":"https://www.gstatic.com/firebasejs/9.6.10/firebase-messaging.js","messaging/sw":"https://www.gstatic.com/firebasejs/9.6.10/firebase-messaging/sw.js","database":"https://www.gstatic.com/firebasejs/9.6.10/firebase-database.js","firestore.memory":"https://www.gstatic.com/firebasejs/9.6.10/firebase-firestore.memory.js"}}
[info] +  Wrote dist/index.html 
[info] 
[info] i  Detected a .git folder at C:\Users\user\Desktop\Rentzilla 
[info] i  Authorizing with GitHub to upload your service account to a GitHub repository's secrets store. 
[info] 
[info] Visit this URL on this device to log in:
[info] https://github.com/login/oauth/authorize?client_id=89cf50f02ac6aaed3484&state=626053887&redirect_uri=http%3A%2F%2Flocalhost%3A9005&scope=read%3Auser%20repo%20public_repo
[info] 
[info] Waiting for authentication...
[debug] [2022-04-04T01:58:27.077Z] >>> HTTP REQUEST POST https://github.com/login/oauth/access_token  
 {"client_id":"89cf50f02ac6aaed3484","client_secret":"3330d14abc895d9a74d5f17cd7a00711fa2c5bf0","code":"82a47ecf075897e16143","redirect_uri":"http://localhost:9005","state":"626053887"}
[debug] [2022-04-04T01:58:27.483Z] <<< HTTP RESPONSE 200 {"server":"GitHub.com","date":"Mon, 04 Apr 2022 01:58:27 GMT","content-type":"application/json; charset=utf-8","transfer-encoding":"chunked","vary":"X-PJAX, X-PJAX-Container, Accept-Encoding, Accept, X-Requested-With","permissions-policy":"interest-cohort=()","etag":"W/\"f26b2b0f45ffbca560efba67aa17f6ca\"","cache-control":"max-age=0, private, must-revalidate","strict-transport-security":"max-age=31536000; includeSubdomains; preload","x-frame-options":"deny","x-content-type-options":"nosniff","x-xss-protection":"0","referrer-policy":"origin-when-cross-origin, strict-origin-when-cross-origin","expect-ct":"max-age=2592000, report-uri=\"https://api.github.com/_private/browser/errors\"","content-security-policy":"default-src 'none'; base-uri 'self'; block-all-mixed-content; child-src github.com/assets-cdn/worker/ gist.github.com/assets-cdn/worker/; connect-src 'self' uploads.github.com objects-origin.githubusercontent.com www.githubstatus.com collector.githubapp.com collector.github.com api.github.com github-cloud.s3.amazonaws.com github-production-repository-file-5c1aeb.s3.amazonaws.com github-production-upload-manifest-file-7fdce7.s3.amazonaws.com github-production-user-asset-6210df.s3.amazonaws.com cdn.optimizely.com logx.optimizely.com/v1/events translator.github.com *.actions.githubusercontent.com wss://*.actions.githubusercontent.com online.visualstudio.com/api/v1/locations raw.githubusercontent.com github-production-repository-image-32fea6.s3.amazonaws.com github-production-release-asset-2e65be.s3.amazonaws.com insights.github.com wss://alive.github.com; font-src github.githubassets.com; form-action 'self' github.com gist.github.com objects-origin.githubusercontent.com; frame-ancestors 'none'; frame-src render.githubusercontent.com viewscreen.githubusercontent.com notebooks.githubusercontent.com; img-src 'self' data: github.githubassets.com identicons.github.com collector.githubapp.com collector.github.com github-cloud.s3.amazonaws.com secured-user-images.githubusercontent.com/ *.githubusercontent.com; manifest-src 'self'; media-src github.com user-images.githubusercontent.com/; script-src github.githubassets.com; style-src 'unsafe-inline' github.githubassets.com; worker-src github.com/assets-cdn/worker/ gist.github.com/assets-cdn/worker/","x-github-request-id":"DD8D:2B1A:24E176:3A6D15:624A50C3"}
[debug] [2022-04-04T01:58:27.499Z] >>> [apiv2][query] GET https://api.github.com/user [none]
[debug] [2022-04-04T01:58:27.898Z] <<< [apiv2][status] GET https://api.github.com/user 200
[debug] [2022-04-04T01:58:27.899Z] <<< [apiv2][body] GET https://api.github.com/user {"login":"valentinkhoo","id":60122800,"node_id":"MDQ6VXNlcjYwMTIyODAw","avatar_url":"https://avatars.githubusercontent.com/u/60122800?v=4","gravatar_id":"","url":"https://api.github.com/users/valentinkhoo","html_url":"https://github.com/valentinkhoo","followers_url":"https://api.github.com/users/valentinkhoo/followers","following_url":"https://api.github.com/users/valentinkhoo/following{/other_user}","gists_url":"https://api.github.com/users/valentinkhoo/gists{/gist_id}","starred_url":"https://api.github.com/users/valentinkhoo/starred{/owner}{/repo}","subscriptions_url":"https://api.github.com/users/valentinkhoo/subscriptions","organizations_url":"https://api.github.com/users/valentinkhoo/orgs","repos_url":"https://api.github.com/users/valentinkhoo/repos","events_url":"https://api.github.com/users/valentinkhoo/events{/privacy}","received_events_url":"https://api.github.com/users/valentinkhoo/received_events","type":"User","site_admin":false,"name":"Khoo Cho Yaw, Valentin","company":null,"blog":"","location":"Singapore","email":null,"hireable":null,"bio":"Student at NUS School of Computing","twitter_username":null,"public_repos":2,"public_gists":0,"followers":0,"following":2,"created_at":"2020-01-21T02:51:59Z","updated_at":"2022-03-10T08:21:48Z","private_gists":0,"total_private_repos":1,"owned_private_repos":1,"disk_usage":1,"collaborators":0,"two_factor_authentication":false,"plan":{"name":"free","space":976562499,"collaborators":0,"private_repos":10000}}
[info] 
[info] +  Success! Logged into GitHub as valentinkhoo 
[info] 
